<?xml version="1.0" encoding="UTF-8"?>
<testng-results ignored="0" total="1" passed="1" failed="0" skipped="0">
  <reporter-output>
  </reporter-output>
  <suite started-at="2020-10-31T03:40:00Z" name="Suite" finished-at="2020-10-31T03:40:13Z" duration-ms="12789">
    <groups>
    </groups>
    <test started-at="2020-10-31T03:40:00Z" name="Hybrid" finished-at="2020-10-31T03:40:13Z" duration-ms="12789">
      <class name="com.SeleniumProject.LoginTestCase">
        <test-method is-config="true" signature="AppSuite()[pri:0, instance:com.SeleniumProject.LoginTestCase@7c9d8e2]" started-at="2020-10-31T03:40:00Z" name="AppSuite" finished-at="2020-10-31T03:40:00Z" duration-ms="38" status="PASS">
          <reporter-output>
          </reporter-output>
        </test-method> <!-- AppSuite -->
        <test-method is-config="true" signature="launchBrowser()[pri:0, instance:com.SeleniumProject.LoginTestCase@7c9d8e2]" started-at="2020-10-31T03:40:00Z" name="launchBrowser" finished-at="2020-10-31T03:40:10Z" duration-ms="10114" status="PASS">
          <reporter-output>
          </reporter-output>
        </test-method> <!-- launchBrowser -->
        <test-method signature="verifySeleniumTest()[pri:0, instance:com.SeleniumProject.LoginTestCase@7c9d8e2]" started-at="2020-10-31T03:40:10Z" name="verifySeleniumTest" finished-at="2020-10-31T03:40:12Z" duration-ms="1698" status="PASS">
          <reporter-output>
          </reporter-output>
        </test-method> <!-- verifySeleniumTest -->
        <test-method is-config="true" signature="closeBrowser()[pri:0, instance:com.SeleniumProject.LoginTestCase@7c9d8e2]" started-at="2020-10-31T03:40:12Z" name="closeBrowser" finished-at="2020-10-31T03:40:13Z" duration-ms="948" status="PASS">
          <reporter-output>
          </reporter-output>
        </test-method> <!-- closeBrowser -->
      </class> <!-- com.SeleniumProject.LoginTestCase -->
    </test> <!-- Hybrid -->
  </suite> <!-- Suite -->
</testng-results>
